-------------------------------------------------------------------------------
Test set: com.oguzcan.ws.soap.HellowebserviceApplicationTests
-------------------------------------------------------------------------------
Tests run: 1, Failures: 0, Errors: 1, Skipped: 0, Time elapsed: 0.129 s <<< FAILURE! - in com.oguzcan.ws.soap.HellowebserviceApplicationTests
com.oguzcan.ws.soap.HellowebserviceApplicationTests  Time elapsed: 0.128 s  <<< ERROR!
org.springframework.beans.factory.BeanDefinitionStoreException: Failed to read candidate component class: file [C:\Users\aygun\eclipse-workspace\hellowebservice\target\test-classes\com\oguzcan\ws\soap\HellowebserviceApplicationTests.class]; nested exception is org.springframework.core.NestedIOException: ASM ClassReader failed to parse class file - probably due to a new Java class file version that isn't supported yet: file [C:\Users\aygun\eclipse-workspace\hellowebservice\target\test-classes\com\oguzcan\ws\soap\HellowebserviceApplicationTests.class]; nested exception is java.lang.IllegalArgumentException: Unsupported class file major version 61
Caused by: org.springframework.core.NestedIOException: ASM ClassReader failed to parse class file - probably due to a new Java class file version that isn't supported yet: file [C:\Users\aygun\eclipse-workspace\hellowebservice\target\test-classes\com\oguzcan\ws\soap\HellowebserviceApplicationTests.class]; nested exception is java.lang.IllegalArgumentException: Unsupported class file major version 61
Caused by: java.lang.IllegalArgumentException: Unsupported class file major version 61

