<?xml version="1.0" encoding="UTF-8"?>
<testsuite xmlns:xsi="http://www.w3.org/2001/XMLSchema-instance" xsi:noNamespaceSchemaLocation="https://maven.apache.org/surefire/maven-surefire-plugin/xsd/surefire-test-report.xsd" name="com.oguzcan.ws.soap.HellowebserviceApplicationTests" time="0.129" tests="1" errors="1" skipped="0" failures="0">
  <properties>
[...]
</properties>
  <testcase name="com.oguzcan.ws.soap.HellowebserviceApplicationTests" classname="com.oguzcan.ws.soap.HellowebserviceApplicationTests" time="0.128">
    <error message="Failed to read candidate component class: file [C:\Users\aygun\eclipse-workspace\hellowebservice\target\test-classes\com\oguzcan\ws\soap\HellowebserviceApplicationTests.class]; nested exception is org.springframework.core.NestedIOException: ASM ClassReader failed to parse class file - probably due to a new Java class file version that isn&apos;t supported yet: file [C:\Users\aygun\eclipse-workspace\hellowebservice\target\test-classes\com\oguzcan\ws\soap\HellowebserviceApplicationTests.class]; nested exception is java.lang.IllegalArgumentException: Unsupported class file major version 61" type="org.springframework.beans.factory.BeanDefinitionStoreException">org.springframework.beans.factory.BeanDefinitionStoreException: Failed to read candidate component class: file [C:\Users\aygun\eclipse-workspace\hellowebservice\target\test-classes\com\oguzcan\ws\soap\HellowebserviceApplicationTests.class]; nested exception is org.springframework.core.NestedIOException: ASM ClassReader failed to parse class file - probably due to a new Java class file version that isn't supported yet: file [C:\Users\aygun\eclipse-workspace\hellowebservice\target\test-classes\com\oguzcan\ws\soap\HellowebserviceApplicationTests.class]; nested exception is java.lang.IllegalArgumentException: Unsupported class file major version 61
Caused by: org.springframework.core.NestedIOException: ASM ClassReader failed to parse class file - probably due to a new Java class file version that isn't supported yet: file [C:\Users\aygun\eclipse-workspace\hellowebservice\target\test-classes\com\oguzcan\ws\soap\HellowebserviceApplicationTests.class]; nested exception is java.lang.IllegalArgumentException: Unsupported class file major version 61
Caused by: java.lang.IllegalArgumentException: Unsupported class file major version 61
</error>
    <system-out><![CDATA[14:13:13.201 [main] DEBUG org.springframework.test.context.BootstrapUtils - Instantiating CacheAwareContextLoaderDelegate from class [org.springframework.test.context.cache.DefaultCacheAwareContextLoaderDelegate]
14:13:13.209 [main] DEBUG org.springframework.test.context.BootstrapUtils - Instantiating BootstrapContext using constructor [public org.springframework.test.context.support.DefaultBootstrapContext(java.lang.Class,org.springframework.test.context.CacheAwareContextLoaderDelegate)]
14:13:13.227 [main] DEBUG org.springframework.test.context.BootstrapUtils - Instantiating TestContextBootstrapper for test class [com.oguzcan.ws.soap.HellowebserviceApplicationTests] from class [org.springframework.boot.test.context.SpringBootTestContextBootstrapper]
14:13:13.237 [main] INFO org.springframework.boot.test.context.SpringBootTestContextBootstrapper - Neither @ContextConfiguration nor @ContextHierarchy found for test class [com.oguzcan.ws.soap.HellowebserviceApplicationTests], using SpringBootContextLoader
14:13:13.239 [main] DEBUG org.springframework.test.context.support.AbstractContextLoader - Did not detect default resource location for test class [com.oguzcan.ws.soap.HellowebserviceApplicationTests]: class path resource [com/oguzcan/ws/soap/HellowebserviceApplicationTests-context.xml] does not exist
14:13:13.240 [main] DEBUG org.springframework.test.context.support.AbstractContextLoader - Did not detect default resource location for test class [com.oguzcan.ws.soap.HellowebserviceApplicationTests]: class path resource [com/oguzcan/ws/soap/HellowebserviceApplicationTestsContext.groovy] does not exist
14:13:13.240 [main] INFO org.springframework.test.context.support.AbstractContextLoader - Could not detect default resource locations for test class [com.oguzcan.ws.soap.HellowebserviceApplicationTests]: no resource found for suffixes {-context.xml, Context.groovy}.
14:13:13.240 [main] INFO org.springframework.test.context.support.AnnotationConfigContextLoaderUtils - Could not detect default configuration classes for test class [com.oguzcan.ws.soap.HellowebserviceApplicationTests]: HellowebserviceApplicationTests does not declare any static, non-private, non-final, nested classes annotated with @Configuration.
14:13:13.262 [main] DEBUG org.springframework.test.context.support.ActiveProfilesUtils - Could not find an 'annotation declaring class' for annotation type [org.springframework.test.context.ActiveProfiles] and class [com.oguzcan.ws.soap.HellowebserviceApplicationTests]
14:13:13.279 [main] DEBUG org.springframework.test.context.BootstrapUtils - Instantiating CacheAwareContextLoaderDelegate from class [org.springframework.test.context.cache.DefaultCacheAwareContextLoaderDelegate]
14:13:13.280 [main] DEBUG org.springframework.test.context.BootstrapUtils - Instantiating BootstrapContext using constructor [public org.springframework.test.context.support.DefaultBootstrapContext(java.lang.Class,org.springframework.test.context.CacheAwareContextLoaderDelegate)]
14:13:13.280 [main] DEBUG org.springframework.test.context.BootstrapUtils - Instantiating TestContextBootstrapper for test class [com.oguzcan.ws.soap.HellowebserviceApplicationTests] from class [org.springframework.boot.test.context.SpringBootTestContextBootstrapper]
14:13:13.280 [main] INFO org.springframework.boot.test.context.SpringBootTestContextBootstrapper - Neither @ContextConfiguration nor @ContextHierarchy found for test class [com.oguzcan.ws.soap.HellowebserviceApplicationTests], using SpringBootContextLoader
14:13:13.281 [main] DEBUG org.springframework.test.context.support.AbstractContextLoader - Did not detect default resource location for test class [com.oguzcan.ws.soap.HellowebserviceApplicationTests]: class path resource [com/oguzcan/ws/soap/HellowebserviceApplicationTests-context.xml] does not exist
14:13:13.281 [main] DEBUG org.springframework.test.context.support.AbstractContextLoader - Did not detect default resource location for test class [com.oguzcan.ws.soap.HellowebserviceApplicationTests]: class path resource [com/oguzcan/ws/soap/HellowebserviceApplicationTestsContext.groovy] does not exist
14:13:13.281 [main] INFO org.springframework.test.context.support.AbstractContextLoader - Could not detect default resource locations for test class [com.oguzcan.ws.soap.HellowebserviceApplicationTests]: no resource found for suffixes {-context.xml, Context.groovy}.
14:13:13.281 [main] INFO org.springframework.test.context.support.AnnotationConfigContextLoaderUtils - Could not detect default configuration classes for test class [com.oguzcan.ws.soap.HellowebserviceApplicationTests]: HellowebserviceApplicationTests does not declare any static, non-private, non-final, nested classes annotated with @Configuration.
14:13:13.282 [main] DEBUG org.springframework.test.context.support.ActiveProfilesUtils - Could not find an 'annotation declaring class' for annotation type [org.springframework.test.context.ActiveProfiles] and class [com.oguzcan.ws.soap.HellowebserviceApplicationTests]
14:13:13.284 [main] DEBUG org.springframework.test.context.BootstrapUtils - Instantiating CacheAwareContextLoaderDelegate from class [org.springframework.test.context.cache.DefaultCacheAwareContextLoaderDelegate]
14:13:13.284 [main] DEBUG org.springframework.test.context.BootstrapUtils - Instantiating BootstrapContext using constructor [public org.springframework.test.context.support.DefaultBootstrapContext(java.lang.Class,org.springframework.test.context.CacheAwareContextLoaderDelegate)]
14:13:13.284 [main] DEBUG org.springframework.test.context.BootstrapUtils - Instantiating TestContextBootstrapper for test class [com.oguzcan.ws.soap.HellowebserviceApplicationTests] from class [org.springframework.boot.test.context.SpringBootTestContextBootstrapper]
14:13:13.285 [main] INFO org.springframework.boot.test.context.SpringBootTestContextBootstrapper - Neither @ContextConfiguration nor @ContextHierarchy found for test class [com.oguzcan.ws.soap.HellowebserviceApplicationTests], using SpringBootContextLoader
14:13:13.285 [main] DEBUG org.springframework.test.context.support.AbstractContextLoader - Did not detect default resource location for test class [com.oguzcan.ws.soap.HellowebserviceApplicationTests]: class path resource [com/oguzcan/ws/soap/HellowebserviceApplicationTests-context.xml] does not exist
14:13:13.285 [main] DEBUG org.springframework.test.context.support.AbstractContextLoader - Did not detect default resource location for test class [com.oguzcan.ws.soap.HellowebserviceApplicationTests]: class path resource [com/oguzcan/ws/soap/HellowebserviceApplicationTestsContext.groovy] does not exist
14:13:13.285 [main] INFO org.springframework.test.context.support.AbstractContextLoader - Could not detect default resource locations for test class [com.oguzcan.ws.soap.HellowebserviceApplicationTests]: no resource found for suffixes {-context.xml, Context.groovy}.
14:13:13.285 [main] INFO org.springframework.test.context.support.AnnotationConfigContextLoaderUtils - Could not detect default configuration classes for test class [com.oguzcan.ws.soap.HellowebserviceApplicationTests]: HellowebserviceApplicationTests does not declare any static, non-private, non-final, nested classes annotated with @Configuration.
14:13:13.286 [main] DEBUG org.springframework.test.context.support.ActiveProfilesUtils - Could not find an 'annotation declaring class' for annotation type [org.springframework.test.context.ActiveProfiles] and class [com.oguzcan.ws.soap.HellowebserviceApplicationTests]
]]></system-out>
  </testcase>
</testsuite>